GROUP,PACKAGE,CLASS,INSTRUCTION_MISSED,INSTRUCTION_COVERED,BRANCH_MISSED,BRANCH_COVERED,LINE_MISSED,LINE_COVERED,COMPLEXITY_MISSED,COMPLEXITY_COVERED,METHOD_MISSED,METHOD_COVERED
notification-service,com.payments.notification.service,NotificationService,0,46,0,0,0,8,0,3,0,3
notification-service,com.payments.notification.model,PaymentEvent,37,39,0,0,11,14,10,6,10,6
notification-service,com.payments.notification.kafka,NotificationConsumer,22,0,0,0,7,0,3,0,3,0
notification-service,com.payments.notification,NotificationServiceApplication,8,0,0,0,3,0,2,0,2,0
